{"name": "I successfully submit a form", "status": "broken", "statusDetails": {"message": "selenium.common.exceptions.NoSuchWindowException: Message: no such window: target window already closed\nfrom unknown error: web view not found\n  (Session info: chrome=122.0.6261.129)\nStacktrace:\n0   chromedriver                        0x0000000104e60524 chromedriver + 3966244\n1   chromedriver                        0x0000000104e58ab0 chromedriver + 3934896\n2   chromedriver                        0x0000000104adbda0 chromedriver + 277920\n3   chromedriver                        0x0000000104ab6fb0 chromedriver + 126896\n4   chromedriver                        0x0000000104b43414 chromedriver + 701460\n5   chromedriver                        0x0000000104b56304 chromedriver + 779012\n6   chromedriver                        0x0000000104b12fb0 chromedriver + 503728\n7   chromedriver                        0x0000000104b13a28 chromedriver + 506408\n8   chromedriver                        0x0000000104e2570c chromedriver + 3725068\n9   chromedriver                        0x0000000104e29c00 chromedriver + 3742720\n10  chromedriver                        0x0000000104e0e1f4 chromedriver + 3629556\n11  chromedriver                        0x0000000104e2a6fc chromedriver + 3745532\n12  chromedriver                        0x0000000104e0156c chromedriver + 3577196\n13  chromedriver                        0x0000000104e48f5c chromedriver + 3870556\n14  chromedriver                        0x0000000104e49100 chromedriver + 3870976\n15  chromedriver                        0x0000000104e58720 chromedriver + 3933984\n16  libsystem_pthread.dylib             0x000000018ab46f94 _pthread_start + 136\n17  libsystem_pthread.dylib             0x000000018ab41d34 thread_start + 8\n\n", "trace": "  File \"/Library/Frameworks/Python.framework/Versions/3.12/lib/python3.12/site-packages/behave/model.py\", line 1329, in run\n    match.run(runner.context)\n  File \"/Library/Frameworks/Python.framework/Versions/3.12/lib/python3.12/site-packages/behave/matchers.py\", line 98, in run\n    self.func(context, *args, **kwargs)\n  File \"steps/form_steps.py\", line 6, in step_impl\n    context.form_page.open()\n  File \"/Users/olaru/Projects/ProiectFinal/pages/form_page.py\", line 25, in open\n    self.driver.get(self.URL_FORM_PAGE)\n  File \"/Library/Frameworks/Python.framework/Versions/3.12/lib/python3.12/site-packages/selenium/webdriver/remote/webdriver.py\", line 357, in get\n    self.execute(Command.GET, {\"url\": url})\n  File \"/Library/Frameworks/Python.framework/Versions/3.12/lib/python3.12/site-packages/selenium/webdriver/remote/webdriver.py\", line 348, in execute\n    self.error_handler.check_response(response)\n  File \"/Library/Frameworks/Python.framework/Versions/3.12/lib/python3.12/site-packages/selenium/webdriver/remote/errorhandler.py\", line 229, in check_response\n    raise exception_class(message, screen, stacktrace)\n"}, "steps": [{"name": "Given I am on the Practice Form page", "status": "broken", "statusDetails": {"message": "selenium.common.exceptions.NoSuchWindowException: Message: no such window: target window already closed\nfrom unknown error: web view not found\n  (Session info: chrome=122.0.6261.129)\nStacktrace:\n0   chromedriver                        0x0000000104e60524 chromedriver + 3966244\n1   chromedriver                        0x0000000104e58ab0 chromedriver + 3934896\n2   chromedriver                        0x0000000104adbda0 chromedriver + 277920\n3   chromedriver                        0x0000000104ab6fb0 chromedriver + 126896\n4   chromedriver                        0x0000000104b43414 chromedriver + 701460\n5   chromedriver                        0x0000000104b56304 chromedriver + 779012\n6   chromedriver                        0x0000000104b12fb0 chromedriver + 503728\n7   chromedriver                        0x0000000104b13a28 chromedriver + 506408\n8   chromedriver                        0x0000000104e2570c chromedriver + 3725068\n9   chromedriver                        0x0000000104e29c00 chromedriver + 3742720\n10  chromedriver                        0x0000000104e0e1f4 chromedriver + 3629556\n11  chromedriver                        0x0000000104e2a6fc chromedriver + 3745532\n12  chromedriver                        0x0000000104e0156c chromedriver + 3577196\n13  chromedriver                        0x0000000104e48f5c chromedriver + 3870556\n14  chromedriver                        0x0000000104e49100 chromedriver + 3870976\n15  chromedriver                        0x0000000104e58720 chromedriver + 3933984\n16  libsystem_pthread.dylib             0x000000018ab46f94 _pthread_start + 136\n17  libsystem_pthread.dylib             0x000000018ab41d34 thread_start + 8\n\n", "trace": "  File \"/Library/Frameworks/Python.framework/Versions/3.12/lib/python3.12/site-packages/behave/model.py\", line 1329, in run\n    match.run(runner.context)\n  File \"/Library/Frameworks/Python.framework/Versions/3.12/lib/python3.12/site-packages/behave/matchers.py\", line 98, in run\n    self.func(context, *args, **kwargs)\n  File \"steps/form_steps.py\", line 6, in step_impl\n    context.form_page.open()\n  File \"/Users/olaru/Projects/ProiectFinal/pages/form_page.py\", line 25, in open\n    self.driver.get(self.URL_FORM_PAGE)\n  File \"/Library/Frameworks/Python.framework/Versions/3.12/lib/python3.12/site-packages/selenium/webdriver/remote/webdriver.py\", line 357, in get\n    self.execute(Command.GET, {\"url\": url})\n  File \"/Library/Frameworks/Python.framework/Versions/3.12/lib/python3.12/site-packages/selenium/webdriver/remote/webdriver.py\", line 348, in execute\n    self.error_handler.check_response(response)\n  File \"/Library/Frameworks/Python.framework/Versions/3.12/lib/python3.12/site-packages/selenium/webdriver/remote/errorhandler.py\", line 229, in check_response\n    raise exception_class(message, screen, stacktrace)\n"}, "start": 1710952535599, "stop": 1710952535600}, {"name": "When I type a first name in the first name input", "status": "skipped", "start": 1710952535601, "stop": 1710952535601}, {"name": "And I type a last name in the last name input", "status": "skipped", "start": 1710952535601, "stop": 1710952535601}, {"name": "And I select a gender", "status": "skipped", "start": 1710952535601, "stop": 1710952535601}, {"name": "And I type a valid phone number in the mobile number input", "status": "skipped", "start": 1710952535601, "stop": 1710952535601}, {"name": "And I select a state", "status": "skipped", "start": 1710952535601, "stop": 1710952535601}, {"name": "And I select a city", "status": "skipped", "start": 1710952535601, "stop": 1710952535601}, {"name": "And I click the \"Submit\" button", "status": "skipped", "start": 1710952535601, "stop": 1710952535601}, {"name": "Then Pop-up with the form appears", "status": "skipped", "start": 1710952535601, "stop": 1710952535601}, {"name": "And The title is \"Thanks for submitting the form\"", "status": "skipped", "start": 1710952535601, "stop": 1710952535601}], "start": 1710952535599, "stop": 1710952535601, "uuid": "893eb9dd-e27e-4c43-a1a0-271e95c62313", "historyId": "a81d6d7945bcf56b692e1a3f0d72325e", "fullName": "Practice Form: I successfully submit a form", "labels": [{"name": "severity", "value": "normal"}, {"name": "tag", "value": "FormPage"}, {"name": "tag", "value": "regression"}, {"name": "tag", "value": "smoke"}, {"name": "feature", "value": "Practice Form"}, {"name": "framework", "value": "behave"}, {"name": "language", "value": "cpython3"}]}