{"name": "I register a new account -- @1.2 ", "status": "broken", "statusDetails": {"message": "selenium.common.exceptions.NoSuchElementException: Message: no such element: Unable to locate element: {\"method\":\"css selector\",\"selector\":\".rc-anchor-content\"}\n  (Session info: chrome=122.0.6261.129); For documentation on this error, please visit: https://www.selenium.dev/documentation/webdriver/troubleshooting/errors#no-such-element-exception\nStacktrace:\n0   chromedriver                        0x00000001012f8524 chromedriver + 3966244\n1   chromedriver                        0x00000001012f0ab0 chromedriver + 3934896\n2   chromedriver                        0x0000000100f73da0 chromedriver + 277920\n3   chromedriver                        0x0000000100fb6394 chromedriver + 549780\n4   chromedriver                        0x0000000100feebf0 chromedriver + 781296\n5   chromedriver                        0x0000000100faafb0 chromedriver + 503728\n6   chromedriver                        0x0000000100faba28 chromedriver + 506408\n7   chromedriver                        0x00000001012bd70c chromedriver + 3725068\n8   chromedriver                        0x00000001012c1c00 chromedriver + 3742720\n9   chromedriver                        0x00000001012a61f4 chromedriver + 3629556\n10  chromedriver                        0x00000001012c26fc chromedriver + 3745532\n11  chromedriver                        0x000000010129956c chromedriver + 3577196\n12  chromedriver                        0x00000001012e0f5c chromedriver + 3870556\n13  chromedriver                        0x00000001012e1100 chromedriver + 3870976\n14  chromedriver                        0x00000001012f0720 chromedriver + 3933984\n15  libsystem_pthread.dylib             0x000000018ab46f94 _pthread_start + 136\n16  libsystem_pthread.dylib             0x000000018ab41d34 thread_start + 8\n\n", "trace": "  File \"/Library/Frameworks/Python.framework/Versions/3.12/lib/python3.12/site-packages/behave/model.py\", line 1329, in run\n    match.run(runner.context)\n  File \"/Library/Frameworks/Python.framework/Versions/3.12/lib/python3.12/site-packages/behave/matchers.py\", line 98, in run\n    self.func(context, *args, **kwargs)\n  File \"steps/bookstore_register_steps.py\", line 31, in step_impl\n    context.bookstore_register_page.click_captcha()\n  File \"/Users/olaru/Projects/ProiectFinal/pages/bookstore_register_page.py\", line 41, in click_captcha\n    self.driver.execute_script(\"arguments[0].click();\", self.find(self.CAPTCHA_BOX))\n                                                        ^^^^^^^^^^^^^^^^^^^^^^^^^^^\n  File \"/Users/olaru/Projects/ProiectFinal/pages/base_page.py\", line 13, in find\n    return self.driver.find_element(*locator)\n           ^^^^^^^^^^^^^^^^^^^^^^^^^^^^^^^^^^\n  File \"/Library/Frameworks/Python.framework/Versions/3.12/lib/python3.12/site-packages/selenium/webdriver/remote/webdriver.py\", line 742, in find_element\n    return self.execute(Command.FIND_ELEMENT, {\"using\": by, \"value\": value})[\"value\"]\n           ^^^^^^^^^^^^^^^^^^^^^^^^^^^^^^^^^^^^^^^^^^^^^^^^^^^^^^^^^^^^^^^^^\n  File \"/Library/Frameworks/Python.framework/Versions/3.12/lib/python3.12/site-packages/selenium/webdriver/remote/webdriver.py\", line 348, in execute\n    self.error_handler.check_response(response)\n  File \"/Library/Frameworks/Python.framework/Versions/3.12/lib/python3.12/site-packages/selenium/webdriver/remote/errorhandler.py\", line 229, in check_response\n    raise exception_class(message, screen, stacktrace)\n"}, "steps": [{"name": "Given I am on the Register page", "status": "passed", "start": 1710952279673, "stop": 1710952280029}, {"name": "When I type \"TestName\" in the firstname input", "status": "passed", "start": 1710952280029, "stop": 1710952280091}, {"name": "And I type \"TestName\" in the lastname input", "status": "passed", "start": 1710952280091, "stop": 1710952280122}, {"name": "And I type \"pyta10\" in the username input", "status": "passed", "start": 1710952280122, "stop": 1710952280171}, {"name": "And I type \"Pa$$word9\" in the password input", "status": "passed", "start": 1710952280171, "stop": 1710952280197}, {"name": "And I click the captcha box", "status": "broken", "statusDetails": {"message": "selenium.common.exceptions.NoSuchElementException: Message: no such element: Unable to locate element: {\"method\":\"css selector\",\"selector\":\".rc-anchor-content\"}\n  (Session info: chrome=122.0.6261.129); For documentation on this error, please visit: https://www.selenium.dev/documentation/webdriver/troubleshooting/errors#no-such-element-exception\nStacktrace:\n0   chromedriver                        0x00000001012f8524 chromedriver + 3966244\n1   chromedriver                        0x00000001012f0ab0 chromedriver + 3934896\n2   chromedriver                        0x0000000100f73da0 chromedriver + 277920\n3   chromedriver                        0x0000000100fb6394 chromedriver + 549780\n4   chromedriver                        0x0000000100feebf0 chromedriver + 781296\n5   chromedriver                        0x0000000100faafb0 chromedriver + 503728\n6   chromedriver                        0x0000000100faba28 chromedriver + 506408\n7   chromedriver                        0x00000001012bd70c chromedriver + 3725068\n8   chromedriver                        0x00000001012c1c00 chromedriver + 3742720\n9   chromedriver                        0x00000001012a61f4 chromedriver + 3629556\n10  chromedriver                        0x00000001012c26fc chromedriver + 3745532\n11  chromedriver                        0x000000010129956c chromedriver + 3577196\n12  chromedriver                        0x00000001012e0f5c chromedriver + 3870556\n13  chromedriver                        0x00000001012e1100 chromedriver + 3870976\n14  chromedriver                        0x00000001012f0720 chromedriver + 3933984\n15  libsystem_pthread.dylib             0x000000018ab46f94 _pthread_start + 136\n16  libsystem_pthread.dylib             0x000000018ab41d34 thread_start + 8\n\n", "trace": "  File \"/Library/Frameworks/Python.framework/Versions/3.12/lib/python3.12/site-packages/behave/model.py\", line 1329, in run\n    match.run(runner.context)\n  File \"/Library/Frameworks/Python.framework/Versions/3.12/lib/python3.12/site-packages/behave/matchers.py\", line 98, in run\n    self.func(context, *args, **kwargs)\n  File \"steps/bookstore_register_steps.py\", line 31, in step_impl\n    context.bookstore_register_page.click_captcha()\n  File \"/Users/olaru/Projects/ProiectFinal/pages/bookstore_register_page.py\", line 41, in click_captcha\n    self.driver.execute_script(\"arguments[0].click();\", self.find(self.CAPTCHA_BOX))\n                                                        ^^^^^^^^^^^^^^^^^^^^^^^^^^^\n  File \"/Users/olaru/Projects/ProiectFinal/pages/base_page.py\", line 13, in find\n    return self.driver.find_element(*locator)\n           ^^^^^^^^^^^^^^^^^^^^^^^^^^^^^^^^^^\n  File \"/Library/Frameworks/Python.framework/Versions/3.12/lib/python3.12/site-packages/selenium/webdriver/remote/webdriver.py\", line 742, in find_element\n    return self.execute(Command.FIND_ELEMENT, {\"using\": by, \"value\": value})[\"value\"]\n           ^^^^^^^^^^^^^^^^^^^^^^^^^^^^^^^^^^^^^^^^^^^^^^^^^^^^^^^^^^^^^^^^^\n  File \"/Library/Frameworks/Python.framework/Versions/3.12/lib/python3.12/site-packages/selenium/webdriver/remote/webdriver.py\", line 348, in execute\n    self.error_handler.check_response(response)\n  File \"/Library/Frameworks/Python.framework/Versions/3.12/lib/python3.12/site-packages/selenium/webdriver/remote/errorhandler.py\", line 229, in check_response\n    raise exception_class(message, screen, stacktrace)\n"}, "start": 1710952280197, "stop": 1710952283214}, {"name": "Then Alert pops up", "status": "skipped", "start": 1710952283218, "stop": 1710952283218}], "parameters": [{"name": "firstname", "value": "TestName"}, {"name": "lastname", "value": "TestName"}, {"name": "username", "value": "pyta10"}, {"name": "password", "value": "Pa$$word9"}], "start": 1710952279673, "stop": 1710952283218, "uuid": "c9002c76-d376-4148-98be-622dd4d1e9da", "historyId": "3affe56aea0b30b3d5264788b6728c73", "fullName": "Register Page: I register a new account", "labels": [{"name": "severity", "value": "normal"}, {"name": "tag", "value": "RegisterPage"}, {"name": "tag", "value": "sanity"}, {"name": "tag", "value": "smoke"}, {"name": "feature", "value": "Register Page"}, {"name": "framework", "value": "behave"}, {"name": "language", "value": "cpython3"}]}