{"name": "I right click on the right click button", "status": "broken", "statusDetails": {"message": "selenium.common.exceptions.NoSuchElementException: Message: no such element: Unable to locate element: {\"method\":\"css selector\",\"selector\":\"[id=\"rightClickMessage\"]\"}\n  (Session info: chrome=122.0.6261.129); For documentation on this error, please visit: https://www.selenium.dev/documentation/webdriver/troubleshooting/errors#no-such-element-exception\nStacktrace:\n0   chromedriver                        0x00000001012bc524 chromedriver + 3966244\n1   chromedriver                        0x00000001012b4ab0 chromedriver + 3934896\n2   chromedriver                        0x0000000100f37da0 chromedriver + 277920\n3   chromedriver                        0x0000000100f7a394 chromedriver + 549780\n4   chromedriver                        0x0000000100fb2bf0 chromedriver + 781296\n5   chromedriver                        0x0000000100f6efb0 chromedriver + 503728\n6   chromedriver                        0x0000000100f6fa28 chromedriver + 506408\n7   chromedriver                        0x000000010128170c chromedriver + 3725068\n8   chromedriver                        0x0000000101285c00 chromedriver + 3742720\n9   chromedriver                        0x000000010126a1f4 chromedriver + 3629556\n10  chromedriver                        0x00000001012866fc chromedriver + 3745532\n11  chromedriver                        0x000000010125d56c chromedriver + 3577196\n12  chromedriver                        0x00000001012a4f5c chromedriver + 3870556\n13  chromedriver                        0x00000001012a5100 chromedriver + 3870976\n14  chromedriver                        0x00000001012b4720 chromedriver + 3933984\n15  libsystem_pthread.dylib             0x000000018ab46f94 _pthread_start + 136\n16  libsystem_pthread.dylib             0x000000018ab41d34 thread_start + 8\n\n", "trace": "  File \"/Library/Frameworks/Python.framework/Versions/3.12/lib/python3.12/site-packages/behave/model.py\", line 1329, in run\n    match.run(runner.context)\n  File \"/Library/Frameworks/Python.framework/Versions/3.12/lib/python3.12/site-packages/behave/matchers.py\", line 98, in run\n    self.func(context, *args, **kwargs)\n  File \"steps/buttons_steps.py\", line 31, in step_impl\n    context.buttons_page.is_right_click_msg_displayed()\n  File \"/Users/olaru/Projects/ProiectFinal/pages/buttons_page.py\", line 40, in is_right_click_msg_displayed\n    self.is_element_displayed(self.SUCCESS_MSG_RIGHT_CLICK)\n  File \"/Users/olaru/Projects/ProiectFinal/pages/base_page.py\", line 39, in is_element_displayed\n    assert self.find(element).is_displayed(), \"Element not displayed\"\n           ^^^^^^^^^^^^^^^^^^\n  File \"/Users/olaru/Projects/ProiectFinal/pages/base_page.py\", line 13, in find\n    return self.driver.find_element(*locator)\n           ^^^^^^^^^^^^^^^^^^^^^^^^^^^^^^^^^^\n  File \"/Library/Frameworks/Python.framework/Versions/3.12/lib/python3.12/site-packages/selenium/webdriver/remote/webdriver.py\", line 742, in find_element\n    return self.execute(Command.FIND_ELEMENT, {\"using\": by, \"value\": value})[\"value\"]\n           ^^^^^^^^^^^^^^^^^^^^^^^^^^^^^^^^^^^^^^^^^^^^^^^^^^^^^^^^^^^^^^^^^\n  File \"/Library/Frameworks/Python.framework/Versions/3.12/lib/python3.12/site-packages/selenium/webdriver/remote/webdriver.py\", line 348, in execute\n    self.error_handler.check_response(response)\n  File \"/Library/Frameworks/Python.framework/Versions/3.12/lib/python3.12/site-packages/selenium/webdriver/remote/errorhandler.py\", line 229, in check_response\n    raise exception_class(message, screen, stacktrace)\n"}, "steps": [{"name": "Given I am on the Buttons page", "status": "passed", "start": 1710952490197, "stop": 1710952490524}, {"name": "When I right click on the right click button", "status": "passed", "start": 1710952490524, "stop": 1710952490848}, {"name": "Then Right click success message pops up", "status": "broken", "statusDetails": {"message": "selenium.common.exceptions.NoSuchElementException: Message: no such element: Unable to locate element: {\"method\":\"css selector\",\"selector\":\"[id=\"rightClickMessage\"]\"}\n  (Session info: chrome=122.0.6261.129); For documentation on this error, please visit: https://www.selenium.dev/documentation/webdriver/troubleshooting/errors#no-such-element-exception\nStacktrace:\n0   chromedriver                        0x00000001012bc524 chromedriver + 3966244\n1   chromedriver                        0x00000001012b4ab0 chromedriver + 3934896\n2   chromedriver                        0x0000000100f37da0 chromedriver + 277920\n3   chromedriver                        0x0000000100f7a394 chromedriver + 549780\n4   chromedriver                        0x0000000100fb2bf0 chromedriver + 781296\n5   chromedriver                        0x0000000100f6efb0 chromedriver + 503728\n6   chromedriver                        0x0000000100f6fa28 chromedriver + 506408\n7   chromedriver                        0x000000010128170c chromedriver + 3725068\n8   chromedriver                        0x0000000101285c00 chromedriver + 3742720\n9   chromedriver                        0x000000010126a1f4 chromedriver + 3629556\n10  chromedriver                        0x00000001012866fc chromedriver + 3745532\n11  chromedriver                        0x000000010125d56c chromedriver + 3577196\n12  chromedriver                        0x00000001012a4f5c chromedriver + 3870556\n13  chromedriver                        0x00000001012a5100 chromedriver + 3870976\n14  chromedriver                        0x00000001012b4720 chromedriver + 3933984\n15  libsystem_pthread.dylib             0x000000018ab46f94 _pthread_start + 136\n16  libsystem_pthread.dylib             0x000000018ab41d34 thread_start + 8\n\n", "trace": "  File \"/Library/Frameworks/Python.framework/Versions/3.12/lib/python3.12/site-packages/behave/model.py\", line 1329, in run\n    match.run(runner.context)\n  File \"/Library/Frameworks/Python.framework/Versions/3.12/lib/python3.12/site-packages/behave/matchers.py\", line 98, in run\n    self.func(context, *args, **kwargs)\n  File \"steps/buttons_steps.py\", line 31, in step_impl\n    context.buttons_page.is_right_click_msg_displayed()\n  File \"/Users/olaru/Projects/ProiectFinal/pages/buttons_page.py\", line 40, in is_right_click_msg_displayed\n    self.is_element_displayed(self.SUCCESS_MSG_RIGHT_CLICK)\n  File \"/Users/olaru/Projects/ProiectFinal/pages/base_page.py\", line 39, in is_element_displayed\n    assert self.find(element).is_displayed(), \"Element not displayed\"\n           ^^^^^^^^^^^^^^^^^^\n  File \"/Users/olaru/Projects/ProiectFinal/pages/base_page.py\", line 13, in find\n    return self.driver.find_element(*locator)\n           ^^^^^^^^^^^^^^^^^^^^^^^^^^^^^^^^^^\n  File \"/Library/Frameworks/Python.framework/Versions/3.12/lib/python3.12/site-packages/selenium/webdriver/remote/webdriver.py\", line 742, in find_element\n    return self.execute(Command.FIND_ELEMENT, {\"using\": by, \"value\": value})[\"value\"]\n           ^^^^^^^^^^^^^^^^^^^^^^^^^^^^^^^^^^^^^^^^^^^^^^^^^^^^^^^^^^^^^^^^^\n  File \"/Library/Frameworks/Python.framework/Versions/3.12/lib/python3.12/site-packages/selenium/webdriver/remote/webdriver.py\", line 348, in execute\n    self.error_handler.check_response(response)\n  File \"/Library/Frameworks/Python.framework/Versions/3.12/lib/python3.12/site-packages/selenium/webdriver/remote/errorhandler.py\", line 229, in check_response\n    raise exception_class(message, screen, stacktrace)\n"}, "start": 1710952490848, "stop": 1710952493878}, {"name": "And The message is \"You have done a right click\"", "status": "skipped", "start": 1710952493880, "stop": 1710952493880}], "start": 1710952490197, "stop": 1710952493880, "uuid": "4a96d98c-9ef8-40a6-be8d-4daadd86d66f", "historyId": "7844f9d8beae707c7edddcd500ec90cb", "fullName": "Buttons: I right click on the right click button", "labels": [{"name": "severity", "value": "normal"}, {"name": "tag", "value": "ButtonsPage"}, {"name": "tag", "value": "sanity"}, {"name": "feature", "value": "Buttons"}, {"name": "framework", "value": "behave"}, {"name": "language", "value": "cpython3"}]}