{"name": "I successfully submit a form", "status": "broken", "statusDetails": {"message": "selenium.common.exceptions.ElementClickInterceptedException: Message: element click intercepted: Element <div class=\" css-26l3qy-menu\">...</div> is not clickable at point (887, 640). Other element would receive the click: <iframe id=\"google_ads_iframe_/21849154601,22343295815/Ad.Plus-Anchor_0\" name=\"google_ads_iframe_/21849154601,22343295815/Ad.Plus-Anchor_0\" title=\"3rd party ad content\" width=\"970\" height=\"100\" scrolling=\"no\" marginwidth=\"0\" marginheight=\"0\" frameborder=\"0\" aria-label=\"Advertisement\" tabindex=\"0\" style=\"border: 0px; vertical-align: bottom;\" data-load-complete=\"true\" data-google-container-id=\"1\"></iframe>\n  (Session info: chrome=122.0.6261.129)\nStacktrace:\n0   chromedriver                        0x00000001012bc524 chromedriver + 3966244\n1   chromedriver                        0x00000001012b4ab0 chromedriver + 3934896\n2   chromedriver                        0x0000000100f37da0 chromedriver + 277920\n3   chromedriver                        0x0000000100f7fe68 chromedriver + 573032\n4   chromedriver                        0x0000000100f7e3ec chromedriver + 566252\n5   chromedriver                        0x0000000100f7c56c chromedriver + 558444\n6   chromedriver                        0x0000000100f7ba9c chromedriver + 555676\n7   chromedriver                        0x0000000100f70e84 chromedriver + 511620\n8   chromedriver                        0x0000000100f708a8 chromedriver + 510120\n9   chromedriver                        0x0000000100fb2bf0 chromedriver + 781296\n10  chromedriver                        0x0000000100f6efb0 chromedriver + 503728\n11  chromedriver                        0x0000000100f6fa28 chromedriver + 506408\n12  chromedriver                        0x000000010128170c chromedriver + 3725068\n13  chromedriver                        0x0000000101285c00 chromedriver + 3742720\n14  chromedriver                        0x000000010126a1f4 chromedriver + 3629556\n15  chromedriver                        0x00000001012866fc chromedriver + 3745532\n16  chromedriver                        0x000000010125d56c chromedriver + 3577196\n17  chromedriver                        0x00000001012a4f5c chromedriver + 3870556\n18  chromedriver                        0x00000001012a5100 chromedriver + 3870976\n19  chromedriver                        0x00000001012b4720 chromedriver + 3933984\n20  libsystem_pthread.dylib             0x000000018ab46f94 _pthread_start + 136\n21  libsystem_pthread.dylib             0x000000018ab41d34 thread_start + 8\n\n", "trace": "  File \"/Library/Frameworks/Python.framework/Versions/3.12/lib/python3.12/site-packages/behave/model.py\", line 1329, in run\n    match.run(runner.context)\n  File \"/Library/Frameworks/Python.framework/Versions/3.12/lib/python3.12/site-packages/behave/matchers.py\", line 98, in run\n    self.func(context, *args, **kwargs)\n  File \"steps/form_steps.py\", line 36, in step_impl\n    context.form_page.select_city()\n  File \"/Users/olaru/Projects/ProiectFinal/pages/form_page.py\", line 51, in select_city\n    self.click_btn(self.DROPDOWN)\n  File \"/Users/olaru/Projects/ProiectFinal/pages/base_page.py\", line 25, in click_btn\n    self.find(locator).click()\n  File \"/Library/Frameworks/Python.framework/Versions/3.12/lib/python3.12/site-packages/selenium/webdriver/remote/webelement.py\", line 94, in click\n    self._execute(Command.CLICK_ELEMENT)\n  File \"/Library/Frameworks/Python.framework/Versions/3.12/lib/python3.12/site-packages/selenium/webdriver/remote/webelement.py\", line 395, in _execute\n    return self._parent.execute(command, params)\n           ^^^^^^^^^^^^^^^^^^^^^^^^^^^^^^^^^^^^^\n  File \"/Library/Frameworks/Python.framework/Versions/3.12/lib/python3.12/site-packages/selenium/webdriver/remote/webdriver.py\", line 348, in execute\n    self.error_handler.check_response(response)\n  File \"/Library/Frameworks/Python.framework/Versions/3.12/lib/python3.12/site-packages/selenium/webdriver/remote/errorhandler.py\", line 229, in check_response\n    raise exception_class(message, screen, stacktrace)\n"}, "steps": [{"name": "Given I am on the Practice Form page", "status": "passed", "start": 1710952494236, "stop": 1710952494587}, {"name": "When I type a first name in the first name input", "status": "passed", "start": 1710952494587, "stop": 1710952494630}, {"name": "And I type a last name in the last name input", "status": "passed", "start": 1710952494630, "stop": 1710952494659}, {"name": "And I select a gender", "status": "passed", "start": 1710952494659, "stop": 1710952494688}, {"name": "And I type a valid phone number in the mobile number input", "status": "passed", "start": 1710952494688, "stop": 1710952494722}, {"name": "And I select a state", "status": "passed", "start": 1710952494722, "stop": 1710952494780}, {"name": "And I select a city", "status": "broken", "statusDetails": {"message": "selenium.common.exceptions.ElementClickInterceptedException: Message: element click intercepted: Element <div class=\" css-26l3qy-menu\">...</div> is not clickable at point (887, 640). Other element would receive the click: <iframe id=\"google_ads_iframe_/21849154601,22343295815/Ad.Plus-Anchor_0\" name=\"google_ads_iframe_/21849154601,22343295815/Ad.Plus-Anchor_0\" title=\"3rd party ad content\" width=\"970\" height=\"100\" scrolling=\"no\" marginwidth=\"0\" marginheight=\"0\" frameborder=\"0\" aria-label=\"Advertisement\" tabindex=\"0\" style=\"border: 0px; vertical-align: bottom;\" data-load-complete=\"true\" data-google-container-id=\"1\"></iframe>\n  (Session info: chrome=122.0.6261.129)\nStacktrace:\n0   chromedriver                        0x00000001012bc524 chromedriver + 3966244\n1   chromedriver                        0x00000001012b4ab0 chromedriver + 3934896\n2   chromedriver                        0x0000000100f37da0 chromedriver + 277920\n3   chromedriver                        0x0000000100f7fe68 chromedriver + 573032\n4   chromedriver                        0x0000000100f7e3ec chromedriver + 566252\n5   chromedriver                        0x0000000100f7c56c chromedriver + 558444\n6   chromedriver                        0x0000000100f7ba9c chromedriver + 555676\n7   chromedriver                        0x0000000100f70e84 chromedriver + 511620\n8   chromedriver                        0x0000000100f708a8 chromedriver + 510120\n9   chromedriver                        0x0000000100fb2bf0 chromedriver + 781296\n10  chromedriver                        0x0000000100f6efb0 chromedriver + 503728\n11  chromedriver                        0x0000000100f6fa28 chromedriver + 506408\n12  chromedriver                        0x000000010128170c chromedriver + 3725068\n13  chromedriver                        0x0000000101285c00 chromedriver + 3742720\n14  chromedriver                        0x000000010126a1f4 chromedriver + 3629556\n15  chromedriver                        0x00000001012866fc chromedriver + 3745532\n16  chromedriver                        0x000000010125d56c chromedriver + 3577196\n17  chromedriver                        0x00000001012a4f5c chromedriver + 3870556\n18  chromedriver                        0x00000001012a5100 chromedriver + 3870976\n19  chromedriver                        0x00000001012b4720 chromedriver + 3933984\n20  libsystem_pthread.dylib             0x000000018ab46f94 _pthread_start + 136\n21  libsystem_pthread.dylib             0x000000018ab41d34 thread_start + 8\n\n", "trace": "  File \"/Library/Frameworks/Python.framework/Versions/3.12/lib/python3.12/site-packages/behave/model.py\", line 1329, in run\n    match.run(runner.context)\n  File \"/Library/Frameworks/Python.framework/Versions/3.12/lib/python3.12/site-packages/behave/matchers.py\", line 98, in run\n    self.func(context, *args, **kwargs)\n  File \"steps/form_steps.py\", line 36, in step_impl\n    context.form_page.select_city()\n  File \"/Users/olaru/Projects/ProiectFinal/pages/form_page.py\", line 51, in select_city\n    self.click_btn(self.DROPDOWN)\n  File \"/Users/olaru/Projects/ProiectFinal/pages/base_page.py\", line 25, in click_btn\n    self.find(locator).click()\n  File \"/Library/Frameworks/Python.framework/Versions/3.12/lib/python3.12/site-packages/selenium/webdriver/remote/webelement.py\", line 94, in click\n    self._execute(Command.CLICK_ELEMENT)\n  File \"/Library/Frameworks/Python.framework/Versions/3.12/lib/python3.12/site-packages/selenium/webdriver/remote/webelement.py\", line 395, in _execute\n    return self._parent.execute(command, params)\n           ^^^^^^^^^^^^^^^^^^^^^^^^^^^^^^^^^^^^^\n  File \"/Library/Frameworks/Python.framework/Versions/3.12/lib/python3.12/site-packages/selenium/webdriver/remote/webdriver.py\", line 348, in execute\n    self.error_handler.check_response(response)\n  File \"/Library/Frameworks/Python.framework/Versions/3.12/lib/python3.12/site-packages/selenium/webdriver/remote/errorhandler.py\", line 229, in check_response\n    raise exception_class(message, screen, stacktrace)\n"}, "start": 1710952494783, "stop": 1710952495915}, {"name": "And I click the \"Submit\" button", "status": "skipped", "start": 1710952495919, "stop": 1710952495919}, {"name": "Then Pop-up with the form appears", "status": "skipped", "start": 1710952495919, "stop": 1710952495919}, {"name": "And The title is \"Thanks for submitting the form\"", "status": "skipped", "start": 1710952495919, "stop": 1710952495919}], "start": 1710952494235, "stop": 1710952495919, "uuid": "16f87321-0bb9-416f-9cbc-e7933fdf1ede", "historyId": "a81d6d7945bcf56b692e1a3f0d72325e", "fullName": "Practice Form: I successfully submit a form", "labels": [{"name": "severity", "value": "normal"}, {"name": "tag", "value": "FormPage"}, {"name": "tag", "value": "regression"}, {"name": "tag", "value": "smoke"}, {"name": "feature", "value": "Practice Form"}, {"name": "framework", "value": "behave"}, {"name": "language", "value": "cpython3"}]}