{"name": "I accept confirm box alert", "status": "broken", "statusDetails": {"message": "selenium.common.exceptions.ElementClickInterceptedException: Message: element click intercepted: Element <button id=\"confirmButton\" type=\"button\" class=\"btn btn-primary\">...</button> is not clickable at point (771, 665). Other element would receive the click: <iframe id=\"google_ads_iframe_/21849154601,22343295815/Ad.Plus-Anchor_0\" name=\"google_ads_iframe_/21849154601,22343295815/Ad.Plus-Anchor_0\" title=\"3rd party ad content\" width=\"970\" height=\"100\" scrolling=\"no\" marginwidth=\"0\" marginheight=\"0\" frameborder=\"0\" aria-label=\"Advertisement\" tabindex=\"0\" style=\"border: 0px; vertical-align: bottom;\" data-load-complete=\"true\" data-google-container-id=\"1\"></iframe>\n  (Session info: chrome=122.0.6261.129)\nStacktrace:\n0   chromedriver                        0x00000001047f0524 chromedriver + 3966244\n1   chromedriver                        0x00000001047e8ab0 chromedriver + 3934896\n2   chromedriver                        0x000000010446bda0 chromedriver + 277920\n3   chromedriver                        0x00000001044b3e68 chromedriver + 573032\n4   chromedriver                        0x00000001044b23ec chromedriver + 566252\n5   chromedriver                        0x00000001044b056c chromedriver + 558444\n6   chromedriver                        0x00000001044afa9c chromedriver + 555676\n7   chromedriver                        0x00000001044a4e84 chromedriver + 511620\n8   chromedriver                        0x00000001044a48a8 chromedriver + 510120\n9   chromedriver                        0x00000001044e6bf0 chromedriver + 781296\n10  chromedriver                        0x00000001044a2fb0 chromedriver + 503728\n11  chromedriver                        0x00000001044a3a28 chromedriver + 506408\n12  chromedriver                        0x00000001047b570c chromedriver + 3725068\n13  chromedriver                        0x00000001047b9c00 chromedriver + 3742720\n14  chromedriver                        0x000000010479e1f4 chromedriver + 3629556\n15  chromedriver                        0x00000001047ba6fc chromedriver + 3745532\n16  chromedriver                        0x000000010479156c chromedriver + 3577196\n17  chromedriver                        0x00000001047d8f5c chromedriver + 3870556\n18  chromedriver                        0x00000001047d9100 chromedriver + 3870976\n19  chromedriver                        0x00000001047e8720 chromedriver + 3933984\n20  libsystem_pthread.dylib             0x000000018ab46f94 _pthread_start + 136\n21  libsystem_pthread.dylib             0x000000018ab41d34 thread_start + 8\n\n", "trace": "  File \"/Library/Frameworks/Python.framework/Versions/3.12/lib/python3.12/site-packages/behave/model.py\", line 1329, in run\n    match.run(runner.context)\n  File \"/Library/Frameworks/Python.framework/Versions/3.12/lib/python3.12/site-packages/behave/matchers.py\", line 98, in run\n    self.func(context, *args, **kwargs)\n  File \"steps/alerts_steps.py\", line 21, in step_impl\n    context.alerts_page.click_alert_btn()\n  File \"/Users/olaru/Projects/ProiectFinal/pages/alerts_page.py\", line 21, in click_alert_btn\n    self.click_btn(self.BUTTON_ALERT_CONFIRM)\n  File \"/Users/olaru/Projects/ProiectFinal/pages/base_page.py\", line 25, in click_btn\n    self.find(locator).click()\n  File \"/Library/Frameworks/Python.framework/Versions/3.12/lib/python3.12/site-packages/selenium/webdriver/remote/webelement.py\", line 94, in click\n    self._execute(Command.CLICK_ELEMENT)\n  File \"/Library/Frameworks/Python.framework/Versions/3.12/lib/python3.12/site-packages/selenium/webdriver/remote/webelement.py\", line 395, in _execute\n    return self._parent.execute(command, params)\n           ^^^^^^^^^^^^^^^^^^^^^^^^^^^^^^^^^^^^^\n  File \"/Library/Frameworks/Python.framework/Versions/3.12/lib/python3.12/site-packages/selenium/webdriver/remote/webdriver.py\", line 348, in execute\n    self.error_handler.check_response(response)\n  File \"/Library/Frameworks/Python.framework/Versions/3.12/lib/python3.12/site-packages/selenium/webdriver/remote/errorhandler.py\", line 229, in check_response\n    raise exception_class(message, screen, stacktrace)\n"}, "steps": [{"name": "Given I am on the Alerts page", "status": "passed", "start": 1710952373256, "stop": 1710952373594}, {"name": "When I click the confirm box button", "status": "broken", "statusDetails": {"message": "selenium.common.exceptions.ElementClickInterceptedException: Message: element click intercepted: Element <button id=\"confirmButton\" type=\"button\" class=\"btn btn-primary\">...</button> is not clickable at point (771, 665). Other element would receive the click: <iframe id=\"google_ads_iframe_/21849154601,22343295815/Ad.Plus-Anchor_0\" name=\"google_ads_iframe_/21849154601,22343295815/Ad.Plus-Anchor_0\" title=\"3rd party ad content\" width=\"970\" height=\"100\" scrolling=\"no\" marginwidth=\"0\" marginheight=\"0\" frameborder=\"0\" aria-label=\"Advertisement\" tabindex=\"0\" style=\"border: 0px; vertical-align: bottom;\" data-load-complete=\"true\" data-google-container-id=\"1\"></iframe>\n  (Session info: chrome=122.0.6261.129)\nStacktrace:\n0   chromedriver                        0x00000001047f0524 chromedriver + 3966244\n1   chromedriver                        0x00000001047e8ab0 chromedriver + 3934896\n2   chromedriver                        0x000000010446bda0 chromedriver + 277920\n3   chromedriver                        0x00000001044b3e68 chromedriver + 573032\n4   chromedriver                        0x00000001044b23ec chromedriver + 566252\n5   chromedriver                        0x00000001044b056c chromedriver + 558444\n6   chromedriver                        0x00000001044afa9c chromedriver + 555676\n7   chromedriver                        0x00000001044a4e84 chromedriver + 511620\n8   chromedriver                        0x00000001044a48a8 chromedriver + 510120\n9   chromedriver                        0x00000001044e6bf0 chromedriver + 781296\n10  chromedriver                        0x00000001044a2fb0 chromedriver + 503728\n11  chromedriver                        0x00000001044a3a28 chromedriver + 506408\n12  chromedriver                        0x00000001047b570c chromedriver + 3725068\n13  chromedriver                        0x00000001047b9c00 chromedriver + 3742720\n14  chromedriver                        0x000000010479e1f4 chromedriver + 3629556\n15  chromedriver                        0x00000001047ba6fc chromedriver + 3745532\n16  chromedriver                        0x000000010479156c chromedriver + 3577196\n17  chromedriver                        0x00000001047d8f5c chromedriver + 3870556\n18  chromedriver                        0x00000001047d9100 chromedriver + 3870976\n19  chromedriver                        0x00000001047e8720 chromedriver + 3933984\n20  libsystem_pthread.dylib             0x000000018ab46f94 _pthread_start + 136\n21  libsystem_pthread.dylib             0x000000018ab41d34 thread_start + 8\n\n", "trace": "  File \"/Library/Frameworks/Python.framework/Versions/3.12/lib/python3.12/site-packages/behave/model.py\", line 1329, in run\n    match.run(runner.context)\n  File \"/Library/Frameworks/Python.framework/Versions/3.12/lib/python3.12/site-packages/behave/matchers.py\", line 98, in run\n    self.func(context, *args, **kwargs)\n  File \"steps/alerts_steps.py\", line 21, in step_impl\n    context.alerts_page.click_alert_btn()\n  File \"/Users/olaru/Projects/ProiectFinal/pages/alerts_page.py\", line 21, in click_alert_btn\n    self.click_btn(self.BUTTON_ALERT_CONFIRM)\n  File \"/Users/olaru/Projects/ProiectFinal/pages/base_page.py\", line 25, in click_btn\n    self.find(locator).click()\n  File \"/Library/Frameworks/Python.framework/Versions/3.12/lib/python3.12/site-packages/selenium/webdriver/remote/webelement.py\", line 94, in click\n    self._execute(Command.CLICK_ELEMENT)\n  File \"/Library/Frameworks/Python.framework/Versions/3.12/lib/python3.12/site-packages/selenium/webdriver/remote/webelement.py\", line 395, in _execute\n    return self._parent.execute(command, params)\n           ^^^^^^^^^^^^^^^^^^^^^^^^^^^^^^^^^^^^^\n  File \"/Library/Frameworks/Python.framework/Versions/3.12/lib/python3.12/site-packages/selenium/webdriver/remote/webdriver.py\", line 348, in execute\n    self.error_handler.check_response(response)\n  File \"/Library/Frameworks/Python.framework/Versions/3.12/lib/python3.12/site-packages/selenium/webdriver/remote/errorhandler.py\", line 229, in check_response\n    raise exception_class(message, screen, stacktrace)\n"}, "start": 1710952373596, "stop": 1710952374652}, {"name": "And I click \"ok\" on the alert", "status": "skipped", "start": 1710952374655, "stop": 1710952374655}, {"name": "Then The result appears", "status": "skipped", "start": 1710952374655, "stop": 1710952374655}, {"name": "And The result is \"You selected Ok\"", "status": "skipped", "start": 1710952374655, "stop": 1710952374655}], "start": 1710952373255, "stop": 1710952374655, "uuid": "49894190-7189-4c48-bc8f-9e9dd73a5fdd", "historyId": "4936652d8bd93a943d191fe57d5cec5f", "fullName": "Alerts Page: I accept confirm box alert", "labels": [{"name": "severity", "value": "normal"}, {"name": "tag", "value": "AlertsPage"}, {"name": "tag", "value": "sanity"}, {"name": "feature", "value": "Alerts Page"}, {"name": "framework", "value": "behave"}, {"name": "language", "value": "cpython3"}]}