{"name": "I successfully submit a form", "status": "broken", "statusDetails": {"message": "selenium.common.exceptions.NoSuchElementException: Message: no such element: Unable to locate element: {\"method\":\"css selector\",\"selector\":\".modal-title h4\"}\n  (Session info: chrome=122.0.6261.94); For documentation on this error, please visit: https://www.selenium.dev/documentation/webdriver/troubleshooting/errors#no-such-element-exception\nStacktrace:\n0   chromedriver                        0x000000010519853c chromedriver + 3966268\n1   chromedriver                        0x0000000105190ac8 chromedriver + 3934920\n2   chromedriver                        0x0000000104e13da0 chromedriver + 277920\n3   chromedriver                        0x0000000104e56394 chromedriver + 549780\n4   chromedriver                        0x0000000104e8ebf0 chromedriver + 781296\n5   chromedriver                        0x0000000104e4afb0 chromedriver + 503728\n6   chromedriver                        0x0000000104e4ba28 chromedriver + 506408\n7   chromedriver                        0x000000010515d724 chromedriver + 3725092\n8   chromedriver                        0x0000000105161c18 chromedriver + 3742744\n9   chromedriver                        0x000000010514620c chromedriver + 3629580\n10  chromedriver                        0x0000000105162714 chromedriver + 3745556\n11  chromedriver                        0x0000000105139584 chromedriver + 3577220\n12  chromedriver                        0x0000000105180f74 chromedriver + 3870580\n13  chromedriver                        0x0000000105181118 chromedriver + 3871000\n14  chromedriver                        0x0000000105190738 chromedriver + 3934008\n15  libsystem_pthread.dylib             0x0000000181e5a034 _pthread_start + 136\n16  libsystem_pthread.dylib             0x0000000181e54e3c thread_start + 8\n\n", "trace": "  File \"/Library/Frameworks/Python.framework/Versions/3.12/lib/python3.12/site-packages/behave/model.py\", line 1329, in run\n    match.run(runner.context)\n  File \"/Library/Frameworks/Python.framework/Versions/3.12/lib/python3.12/site-packages/behave/matchers.py\", line 98, in run\n    self.func(context, *args, **kwargs)\n  File \"steps/form_steps.py\", line 56, in step_impl\n    context.form_page.is_form_title_correct(\"Thanks for submitting the form\")\n  File \"/Users/olaru/Projects/ProiectFinal/pages/form_page.py\", line 59, in is_form_title_correct\n    assert expected_text == self.get_text(self.FORM_TITLE), \"Form title incorrect\"\n                            ^^^^^^^^^^^^^^^^^^^^^^^^^^^^^^\n  File \"/Users/olaru/Projects/ProiectFinal/pages/base_page.py\", line 20, in get_text\n    return self.find(locator).text\n           ^^^^^^^^^^^^^^^^^^\n  File \"/Users/olaru/Projects/ProiectFinal/pages/base_page.py\", line 14, in find\n    return self.driver.find_element(*locator)\n           ^^^^^^^^^^^^^^^^^^^^^^^^^^^^^^^^^^\n  File \"/Library/Frameworks/Python.framework/Versions/3.12/lib/python3.12/site-packages/selenium/webdriver/remote/webdriver.py\", line 742, in find_element\n    return self.execute(Command.FIND_ELEMENT, {\"using\": by, \"value\": value})[\"value\"]\n           ^^^^^^^^^^^^^^^^^^^^^^^^^^^^^^^^^^^^^^^^^^^^^^^^^^^^^^^^^^^^^^^^^\n  File \"/Library/Frameworks/Python.framework/Versions/3.12/lib/python3.12/site-packages/selenium/webdriver/remote/webdriver.py\", line 348, in execute\n    self.error_handler.check_response(response)\n  File \"/Library/Frameworks/Python.framework/Versions/3.12/lib/python3.12/site-packages/selenium/webdriver/remote/errorhandler.py\", line 229, in check_response\n    raise exception_class(message, screen, stacktrace)\n"}, "steps": [{"name": "Given I am on the Practice Form page", "status": "passed", "start": 1709723532605, "stop": 1709723534261}, {"name": "And The URL is \"https://demoqa.com/automation-practice-form\"", "status": "passed", "start": 1709723534261, "stop": 1709723534264}, {"name": "And I confirm cookies", "status": "passed", "start": 1709723534264, "stop": 1709723534318}, {"name": "When I type \"FirstName\" in the first name input", "status": "passed", "start": 1709723534319, "stop": 1709723534399}, {"name": "And I type \"LastName\" in the last name input", "status": "passed", "start": 1709723534399, "stop": 1709723534422}, {"name": "And I select a gender", "status": "passed", "start": 1709723534422, "stop": 1709723534457}, {"name": "And I type \"1234567890\" in the mobile number input", "status": "passed", "start": 1709723534458, "stop": 1709723534482}, {"name": "And I select a state", "status": "passed", "start": 1709723534482, "stop": 1709723534538}, {"name": "And I select a city", "status": "passed", "start": 1709723534538, "stop": 1709723534589}, {"name": "And I click the \"Submit\" button", "status": "passed", "start": 1709723534589, "stop": 1709723534625}, {"name": "Then Pop-up with the form appears", "status": "passed", "start": 1709723534625, "stop": 1709723534646}, {"name": "And The title is \"Thanks for submitting the form\"", "status": "broken", "statusDetails": {"message": "selenium.common.exceptions.NoSuchElementException: Message: no such element: Unable to locate element: {\"method\":\"css selector\",\"selector\":\".modal-title h4\"}\n  (Session info: chrome=122.0.6261.94); For documentation on this error, please visit: https://www.selenium.dev/documentation/webdriver/troubleshooting/errors#no-such-element-exception\nStacktrace:\n0   chromedriver                        0x000000010519853c chromedriver + 3966268\n1   chromedriver                        0x0000000105190ac8 chromedriver + 3934920\n2   chromedriver                        0x0000000104e13da0 chromedriver + 277920\n3   chromedriver                        0x0000000104e56394 chromedriver + 549780\n4   chromedriver                        0x0000000104e8ebf0 chromedriver + 781296\n5   chromedriver                        0x0000000104e4afb0 chromedriver + 503728\n6   chromedriver                        0x0000000104e4ba28 chromedriver + 506408\n7   chromedriver                        0x000000010515d724 chromedriver + 3725092\n8   chromedriver                        0x0000000105161c18 chromedriver + 3742744\n9   chromedriver                        0x000000010514620c chromedriver + 3629580\n10  chromedriver                        0x0000000105162714 chromedriver + 3745556\n11  chromedriver                        0x0000000105139584 chromedriver + 3577220\n12  chromedriver                        0x0000000105180f74 chromedriver + 3870580\n13  chromedriver                        0x0000000105181118 chromedriver + 3871000\n14  chromedriver                        0x0000000105190738 chromedriver + 3934008\n15  libsystem_pthread.dylib             0x0000000181e5a034 _pthread_start + 136\n16  libsystem_pthread.dylib             0x0000000181e54e3c thread_start + 8\n\n", "trace": "  File \"/Library/Frameworks/Python.framework/Versions/3.12/lib/python3.12/site-packages/behave/model.py\", line 1329, in run\n    match.run(runner.context)\n  File \"/Library/Frameworks/Python.framework/Versions/3.12/lib/python3.12/site-packages/behave/matchers.py\", line 98, in run\n    self.func(context, *args, **kwargs)\n  File \"steps/form_steps.py\", line 56, in step_impl\n    context.form_page.is_form_title_correct(\"Thanks for submitting the form\")\n  File \"/Users/olaru/Projects/ProiectFinal/pages/form_page.py\", line 59, in is_form_title_correct\n    assert expected_text == self.get_text(self.FORM_TITLE), \"Form title incorrect\"\n                            ^^^^^^^^^^^^^^^^^^^^^^^^^^^^^^\n  File \"/Users/olaru/Projects/ProiectFinal/pages/base_page.py\", line 20, in get_text\n    return self.find(locator).text\n           ^^^^^^^^^^^^^^^^^^\n  File \"/Users/olaru/Projects/ProiectFinal/pages/base_page.py\", line 14, in find\n    return self.driver.find_element(*locator)\n           ^^^^^^^^^^^^^^^^^^^^^^^^^^^^^^^^^^\n  File \"/Library/Frameworks/Python.framework/Versions/3.12/lib/python3.12/site-packages/selenium/webdriver/remote/webdriver.py\", line 742, in find_element\n    return self.execute(Command.FIND_ELEMENT, {\"using\": by, \"value\": value})[\"value\"]\n           ^^^^^^^^^^^^^^^^^^^^^^^^^^^^^^^^^^^^^^^^^^^^^^^^^^^^^^^^^^^^^^^^^\n  File \"/Library/Frameworks/Python.framework/Versions/3.12/lib/python3.12/site-packages/selenium/webdriver/remote/webdriver.py\", line 348, in execute\n    self.error_handler.check_response(response)\n  File \"/Library/Frameworks/Python.framework/Versions/3.12/lib/python3.12/site-packages/selenium/webdriver/remote/errorhandler.py\", line 229, in check_response\n    raise exception_class(message, screen, stacktrace)\n"}, "start": 1709723534646, "stop": 1709723537670}], "start": 1709723532605, "stop": 1709723537670, "uuid": "054743ca-0fc8-4af3-b63d-f6fc8b1b445f", "historyId": "a81d6d7945bcf56b692e1a3f0d72325e", "fullName": "Practice Form: I successfully submit a form", "labels": [{"name": "severity", "value": "normal"}, {"name": "tag", "value": "FormPage"}, {"name": "tag", "value": "regression"}, {"name": "tag", "value": "smoke"}, {"name": "feature", "value": "Practice Form"}, {"name": "framework", "value": "behave"}, {"name": "language", "value": "cpython3"}]}